Log file open, 03/27/17 15:12:07
LogInit:Display: Running engine for game: Labyrinth
LogPlatformFile: Not using cached read wrapper
LogInit:Display: RandInit(-1298334474) SRandInit(-1298334473).
LogTaskGraph: Started task graph with 5 named threads and 8 total threads with 1 sets of task threads.
LogStats: Stats thread started at 0.068993
LogPluginManager: Loaded Plugin Paper2D, From C:/Program Files (x86)/Epic Games/4.14/Engine/Plugins/2D/Paper2D/Paper2D.uplugin
LogPluginManager: Loaded Plugin LightPropagationVolume, From C:/Program Files (x86)/Epic Games/4.14/Engine/Plugins/Blendables/LightPropagationVolume/LightPropagationVolume.uplugin
LogPluginManager: Loaded Plugin BlankPlugin, From C:/Program Files (x86)/Epic Games/4.14/Engine/Plugins/Developer/BlankPlugin/BlankPlugin.uplugin
LogPluginManager: Loaded Plugin CodeLiteSourceCodeAccess, From C:/Program Files (x86)/Epic Games/4.14/Engine/Plugins/Developer/CodeLiteSourceCodeAccess/CodeLiteSourceCodeAccess.uplugin
LogPluginManager: Loaded Plugin GitSourceControl, From C:/Program Files (x86)/Epic Games/4.14/Engine/Plugins/Developer/GitSourceControl/GitSourceControl.uplugin
LogPluginManager: Loaded Plugin KDevelopSourceCodeAccess, From C:/Program Files (x86)/Epic Games/4.14/Engine/Plugins/Developer/KDevelopSourceCodeAccess/KDevelopSourceCodeAccess.uplugin
LogPluginManager: Loaded Plugin NullSourceCodeAccess, From C:/Program Files (x86)/Epic Games/4.14/Engine/Plugins/Developer/NullSourceCodeAccess/NullSourceCodeAccess.uplugin
LogPluginManager: Loaded Plugin OneSkyLocalizationService, From C:/Program Files (x86)/Epic Games/4.14/Engine/Plugins/Developer/OneSkyLocalizationService/OneSkyLocalizationService.uplugin
LogPluginManager: Loaded Plugin PerforceSourceControl, From C:/Program Files (x86)/Epic Games/4.14/Engine/Plugins/Developer/PerforceSourceControl/PerforceSourceControl.uplugin
LogPluginManager: Loaded Plugin SubversionSourceControl, From C:/Program Files (x86)/Epic Games/4.14/Engine/Plugins/Developer/SubversionSourceControl/SubversionSourceControl.uplugin
LogPluginManager: Loaded Plugin UObjectPlugin, From C:/Program Files (x86)/Epic Games/4.14/Engine/Plugins/Developer/UObjectPlugin/UObjectPlugin.uplugin
LogPluginManager: Loaded Plugin VisualStudioSourceCodeAccess, From C:/Program Files (x86)/Epic Games/4.14/Engine/Plugins/Developer/VisualStudioSourceCodeAccess/VisualStudioSourceCodeAccess.uplugin
LogPluginManager: Loaded Plugin XCodeSourceCodeAccess, From C:/Program Files (x86)/Epic Games/4.14/Engine/Plugins/Developer/XCodeSourceCodeAccess/XCodeSourceCodeAccess.uplugin
LogPluginManager: Loaded Plugin AudioCapture, From C:/Program Files (x86)/Epic Games/4.14/Engine/Plugins/Editor/AudioCapture/AudioCapture.uplugin
LogPluginManager: Loaded Plugin EpicSurvey, From C:/Program Files (x86)/Epic Games/4.14/Engine/Plugins/Editor/EpicSurvey/EpicSurvey.uplugin
LogPluginManager: Loaded Plugin MacGraphicsSwitching, From C:/Program Files (x86)/Epic Games/4.14/Engine/Plugins/Editor/MacGraphicsSwitching/MacGraphicsSwitching.uplugin
LogPluginManager: Loaded Plugin MobileLauncherProfileWizard, From C:/Program Files (x86)/Epic Games/4.14/Engine/Plugins/Editor/MobileLauncherProfileWizard/MobileLauncherProfileWizard.uplugin
LogPluginManager: Loaded Plugin PluginBrowser, From C:/Program Files (x86)/Epic Games/4.14/Engine/Plugins/Editor/PluginBrowser/PluginBrowser.uplugin
LogPluginManager: Loaded Plugin SpeedTreeImporter, From C:/Program Files (x86)/Epic Games/4.14/Engine/Plugins/Editor/SpeedTreeImporter/SpeedTreeImporter.uplugin
LogPluginManager: Loaded Plugin SuperSearchEditor, From C:/Program Files (x86)/Epic Games/4.14/Engine/Plugins/Editor/SuperSearchEditor/SuperSearchEditor.uplugin
LogPluginManager: Loaded Plugin AlembicImporter, From C:/Program Files (x86)/Epic Games/4.14/Engine/Plugins/Experimental/AlembicImporter/AlembicImporter.uplugin
LogPluginManager: Loaded Plugin BlueprintStats, From C:/Program Files (x86)/Epic Games/4.14/Engine/Plugins/Experimental/BlueprintStats/BlueprintStats.uplugin
LogPluginManager: Loaded Plugin CharacterAI, From C:/Program Files (x86)/Epic Games/4.14/Engine/Plugins/Experimental/CharacterAI/CharacterAI.uplugin
LogPluginManager: Loaded Plugin CodeEditor, From C:/Program Files (x86)/Epic Games/4.14/Engine/Plugins/Experimental/CodeEditor/CodeEditor.uplugin
LogPluginManager: Loaded Plugin CodeView, From C:/Program Files (x86)/Epic Games/4.14/Engine/Plugins/Experimental/CodeView/CodeView.uplugin
LogPluginManager: Loaded Plugin HTML5Networking, From C:/Program Files (x86)/Epic Games/4.14/Engine/Plugins/Experimental/HTML5Networking/HTML5Networking.uplugin
LogPluginManager: Loaded Plugin OSVR, From C:/Program Files (x86)/Epic Games/4.14/Engine/Plugins/Experimental/OSVR/OSVR.uplugin
LogPluginManager: Loaded Plugin Phya, From C:/Program Files (x86)/Epic Games/4.14/Engine/Plugins/Experimental/Phya/Phya.uplugin
LogPluginManager: Loaded Plugin SignificanceManager, From C:/Program Files (x86)/Epic Games/4.14/Engine/Plugins/Experimental/SignificanceManager/SignificanceManager.uplugin
LogPluginManager: Loaded Plugin SimpleHMD, From C:/Program Files (x86)/Epic Games/4.14/Engine/Plugins/Experimental/SimpleHMD/SimpleHMD.uplugin
LogPluginManager: Loaded Plugin StereoPanorama, From C:/Program Files (x86)/Epic Games/4.14/Engine/Plugins/Experimental/StereoPanorama/StereoPanorama.uplugin
LogPluginManager: Loaded Plugin StructBox, From C:/Program Files (x86)/Epic Games/4.14/Engine/Plugins/Experimental/StructBox/StructBox.uplugin
LogPluginManager: Loaded Plugin AndroidMedia, From C:/Program Files (x86)/Epic Games/4.14/Engine/Plugins/Media/AndroidMedia/AndroidMedia.uplugin
LogPluginManager: Loaded Plugin AvfMedia, From C:/Program Files (x86)/Epic Games/4.14/Engine/Plugins/Media/AvfMedia/AvfMedia.uplugin
LogPluginManager: Loaded Plugin MediaPlayerEditor, From C:/Program Files (x86)/Epic Games/4.14/Engine/Plugins/Media/MediaPlayerEditor/MediaPlayerEditor.uplugin
LogPluginManager: Loaded Plugin WmfMedia, From C:/Program Files (x86)/Epic Games/4.14/Engine/Plugins/Media/WmfMedia/WmfMedia.uplugin
LogPluginManager: Loaded Plugin MessagingDebugger, From C:/Program Files (x86)/Epic Games/4.14/Engine/Plugins/Messaging/MessagingDebugger/MessagingDebugger.uplugin
LogPluginManager: Loaded Plugin TcpMessaging, From C:/Program Files (x86)/Epic Games/4.14/Engine/Plugins/Messaging/TcpMessaging/TcpMessaging.uplugin
LogPluginManager: Loaded Plugin UdpMessaging, From C:/Program Files (x86)/Epic Games/4.14/Engine/Plugins/Messaging/UdpMessaging/UdpMessaging.uplugin
LogPluginManager: Loaded Plugin LevelSequenceEditor, From C:/Program Files (x86)/Epic Games/4.14/Engine/Plugins/MovieScene/LevelSequenceEditor/LevelSequenceEditor.uplugin
LogPluginManager: Loaded Plugin MatineeToLevelSequence, From C:/Program Files (x86)/Epic Games/4.14/Engine/Plugins/MovieScene/MatineeToLevelSequence/MatineeToLevelSequence.uplugin
LogPluginManager: Loaded Plugin NetcodeUnitTest, From C:/Program Files (x86)/Epic Games/4.14/Engine/Plugins/NetcodeUnitTest/NetcodeUnitTest/NetcodeUnitTest.uplugin
LogPluginManager: Loaded Plugin NUTUnrealEngine4, From C:/Program Files (x86)/Epic Games/4.14/Engine/Plugins/NetcodeUnitTest/NUTUnrealEngine4/NUTUnrealEngine4.uplugin
LogPluginManager: Loaded Plugin OnlineSubsystemGameCircle, From C:/Program Files (x86)/Epic Games/4.14/Engine/Plugins/Online/Android/OnlineSubsystemGameCircle/OnlineSubsystemGameCircle.uplugin
LogPluginManager: Loaded Plugin OnlineSubsystemGooglePlay, From C:/Program Files (x86)/Epic Games/4.14/Engine/Plugins/Online/Android/OnlineSubsystemGooglePlay/OnlineSubsystemGooglePlay.uplugin
LogPluginManager: Loaded Plugin OnlineSubsystemIOS, From C:/Program Files (x86)/Epic Games/4.14/Engine/Plugins/Online/IOS/OnlineSubsystemIOS/OnlineSubsystemIOS.uplugin
LogPluginManager: Loaded Plugin OnlineFramework, From C:/Program Files (x86)/Epic Games/4.14/Engine/Plugins/Online/OnlineFramework/OnlineFramework.uplugin
LogPluginManager: Loaded Plugin OnlineSubsystem, From C:/Program Files (x86)/Epic Games/4.14/Engine/Plugins/Online/OnlineSubsystem/OnlineSubsystem.uplugin
LogPluginManager: Loaded Plugin OnlineSubsystemAmazon, From C:/Program Files (x86)/Epic Games/4.14/Engine/Plugins/Online/OnlineSubsystemAmazon/OnlineSubsystemAmazon.uplugin
LogPluginManager: Loaded Plugin OnlineSubsystemFacebook, From C:/Program Files (x86)/Epic Games/4.14/Engine/Plugins/Online/OnlineSubsystemFacebook/OnlineSubsystemFacebook.uplugin
LogPluginManager: Loaded Plugin OnlineSubsystemNull, From C:/Program Files (x86)/Epic Games/4.14/Engine/Plugins/Online/OnlineSubsystemNull/OnlineSubsystemNull.uplugin
LogPluginManager: Loaded Plugin OnlineSubsystemOculus, From C:/Program Files (x86)/Epic Games/4.14/Engine/Plugins/Online/OnlineSubsystemOculus/OnlineSubsystemOculus.uplugin
LogPluginManager: Loaded Plugin OnlineSubsystemSteam, From C:/Program Files (x86)/Epic Games/4.14/Engine/Plugins/Online/OnlineSubsystemSteam/OnlineSubsystemSteam.uplugin
LogPluginManager: Loaded Plugin OnlineSubsystemUtils, From C:/Program Files (x86)/Epic Games/4.14/Engine/Plugins/Online/OnlineSubsystemUtils/OnlineSubsystemUtils.uplugin
LogPluginManager: Loaded Plugin IOSTapJoy, From C:/Program Files (x86)/Epic Games/4.14/Engine/Plugins/Runtime/Advertising/IOSTapJoy/IOSTapJoy.uplugin
LogPluginManager: Loaded Plugin AnalyticsBlueprintLibrary, From C:/Program Files (x86)/Epic Games/4.14/Engine/Plugins/Runtime/Analytics/AnalyticsBlueprintLibrary/AnalyticsBlueprintLibrary.uplugin
LogPluginManager: Loaded Plugin AnalyticsMulticast, From C:/Program Files (x86)/Epic Games/4.14/Engine/Plugins/Runtime/Analytics/AnalyticsMulticast/AnalyticsMulticast.uplugin
LogPluginManager: Loaded Plugin Apsalar, From C:/Program Files (x86)/Epic Games/4.14/Engine/Plugins/Runtime/Analytics/Apsalar/Apsalar.uplugin
LogPluginManager: Loaded Plugin FileLogging, From C:/Program Files (x86)/Epic Games/4.14/Engine/Plugins/Runtime/Analytics/FileLogging/FileLogging.uplugin
LogPluginManager: Loaded Plugin Flurry, From C:/Program Files (x86)/Epic Games/4.14/Engine/Plugins/Runtime/Analytics/Flurry/Flurry.uplugin
LogPluginManager: Loaded Plugin AndroidDeviceProfileSelector, From C:/Program Files (x86)/Epic Games/4.14/Engine/Plugins/Runtime/AndroidDeviceProfileSelector/AndroidDeviceProfileSelector.uplugin
LogPluginManager: Loaded Plugin AndroidMoviePlayer, From C:/Program Files (x86)/Epic Games/4.14/Engine/Plugins/Runtime/AndroidMoviePlayer/AndroidMoviePlayer.uplugin
LogPluginManager: Loaded Plugin AppleMoviePlayer, From C:/Program Files (x86)/Epic Games/4.14/Engine/Plugins/Runtime/AppleMoviePlayer/AppleMoviePlayer.uplugin
LogPluginManager: Loaded Plugin ArchVisCharacter, From C:/Program Files (x86)/Epic Games/4.14/Engine/Plugins/Runtime/ArchVisCharacter/ArchVisCharacter.uplugin
LogPluginManager: Loaded Plugin CableComponent, From C:/Program Files (x86)/Epic Games/4.14/Engine/Plugins/Runtime/CableComponent/CableComponent.uplugin
LogPluginManager: Loaded Plugin CustomMeshComponent, From C:/Program Files (x86)/Epic Games/4.14/Engine/Plugins/Runtime/CustomMeshComponent/CustomMeshComponent.uplugin
LogPluginManager: Loaded Plugin ExampleDeviceProfileSelector, From C:/Program Files (x86)/Epic Games/4.14/Engine/Plugins/Runtime/ExampleDeviceProfileSelector/ExampleDeviceProfileSelector.uplugin
LogPluginManager: Loaded Plugin GearVR, From C:/Program Files (x86)/Epic Games/4.14/Engine/Plugins/Runtime/GearVR/GearVR.uplugin
LogPluginManager: Loaded Plugin GoogleVRController, From C:/Program Files (x86)/Epic Games/4.14/Engine/Plugins/Runtime/GoogleVR/GoogleVRController/GoogleVRController.uplugin
LogPluginManager: Loaded Plugin GoogleVRHMD, From C:/Program Files (x86)/Epic Games/4.14/Engine/Plugins/Runtime/GoogleVR/GoogleVRHMD/GoogleVRHMD.uplugin
LogPluginManager: Loaded Plugin IOSDeviceProfileSelector, From C:/Program Files (x86)/Epic Games/4.14/Engine/Plugins/Runtime/IOSDeviceProfileSelector/IOSDeviceProfileSelector.uplugin
LogPluginManager: Loaded Plugin LeapMotion, From C:/Program Files (x86)/Epic Games/4.14/Engine/Plugins/Runtime/LeapMotion/LeapMotion.uplugin
LogPluginManager: Loaded Plugin LinuxDeviceProfileSelector, From C:/Program Files (x86)/Epic Games/4.14/Engine/Plugins/Runtime/LinuxDeviceProfileSelector/LinuxDeviceProfileSelector.uplugin
LogPluginManager: Loaded Plugin MIDIDevice, From C:/Program Files (x86)/Epic Games/4.14/Engine/Plugins/Runtime/MIDIDevice/MIDIDevice.uplugin
LogPluginManager: Loaded Plugin MobilePatchingUtils, From C:/Program Files (x86)/Epic Games/4.14/Engine/Plugins/Runtime/MobilePatchingUtils/MobilePatchingUtils.uplugin
LogPluginManager: Loaded Plugin Ansel, From C:/Program Files (x86)/Epic Games/4.14/Engine/Plugins/Runtime/Nvidia/Ansel/Ansel.uplugin
LogPluginManager: Loaded Plugin OculusAudio, From C:/Program Files (x86)/Epic Games/4.14/Engine/Plugins/Runtime/OculusAudio/OculusAudio.uplugin
LogPluginManager: Loaded Plugin OculusInput, From C:/Program Files (x86)/Epic Games/4.14/Engine/Plugins/Runtime/OculusInput/OculusInput.uplugin
LogPluginManager: Loaded Plugin OculusLibrary, From C:/Program Files (x86)/Epic Games/4.14/Engine/Plugins/Runtime/OculusLibrary/OculusLibrary.uplugin
LogPluginManager: Loaded Plugin OculusRift, From C:/Program Files (x86)/Epic Games/4.14/Engine/Plugins/Runtime/OculusRift/OculusRift.uplugin
LogPluginManager: Loaded Plugin Oodle, From C:/Program Files (x86)/Epic Games/4.14/Engine/Plugins/Runtime/PacketHandlers/CompressionComponents/Oodle/Oodle.uplugin
LogPluginManager: Loaded Plugin ProceduralMeshComponent, From C:/Program Files (x86)/Epic Games/4.14/Engine/Plugins/Runtime/ProceduralMeshComponent/ProceduralMeshComponent.uplugin
LogPluginManager: Loaded Plugin SoundMod, From C:/Program Files (x86)/Epic Games/4.14/Engine/Plugins/Runtime/SoundMod/SoundMod.uplugin
LogPluginManager: Loaded Plugin SoundVisualizations, From C:/Program Files (x86)/Epic Games/4.14/Engine/Plugins/Runtime/SoundVisualizations/SoundVisualizations.uplugin
LogPluginManager: Loaded Plugin SteamController, From C:/Program Files (x86)/Epic Games/4.14/Engine/Plugins/Runtime/Steam/SteamController/SteamController.uplugin
LogPluginManager: Loaded Plugin SteamVR, From C:/Program Files (x86)/Epic Games/4.14/Engine/Plugins/Runtime/Steam/SteamVR/SteamVR.uplugin
LogPluginManager: Loaded Plugin WebBrowserWidget, From C:/Program Files (x86)/Epic Games/4.14/Engine/Plugins/Runtime/WebBrowserWidget/WebBrowserWidget.uplugin
LogPluginManager: Loaded Plugin WindowsDeviceProfileSelector, From C:/Program Files (x86)/Epic Games/4.14/Engine/Plugins/Runtime/WindowsDeviceProfileSelector/WindowsDeviceProfileSelector.uplugin
LogPluginManager: Loaded Plugin WindowsMoviePlayer, From C:/Program Files (x86)/Epic Games/4.14/Engine/Plugins/Runtime/WindowsMoviePlayer/WindowsMoviePlayer.uplugin
LogPluginManager: Loaded Plugin ScriptPlugin, From C:/Program Files (x86)/Epic Games/4.14/Engine/Plugins/ScriptPlugin/ScriptPlugin.uplugin
LogPluginManager: Loaded Plugin SlateRemote, From C:/Program Files (x86)/Epic Games/4.14/Engine/Plugins/Slate/SlateRemote/SlateRemote.uplugin
LogPluginManager: Loaded Plugin EditorTests, From C:/Program Files (x86)/Epic Games/4.14/Engine/Plugins/Tests/EditorTests/EditorTests.uplugin
LogPluginManager: Loaded Plugin FbxAutomationTestBuilder, From C:/Program Files (x86)/Epic Games/4.14/Engine/Plugins/Tests/FbxAutomationTestBuilder/FbxAutomationTestBuilder.uplugin
LogPluginManager: Loaded Plugin FunctionalTestingEditor, From C:/Program Files (x86)/Epic Games/4.14/Engine/Plugins/Tests/FunctionalTestingEditor/FunctionalTestingEditor.uplugin
LogPluginManager: Loaded Plugin RuntimeTests, From C:/Program Files (x86)/Epic Games/4.14/Engine/Plugins/Tests/RuntimeTests/RuntimeTests.uplugin
LogPluginManager: Loaded Plugin ScreenshotTools, From C:/Program Files (x86)/Epic Games/4.14/Engine/Plugins/Tests/ScreenshotTools/ScreenshotTools.uplugin
LogInit: Using libcurl 7.47.1
LogInit:  - built for x86_64-pc-win32
LogInit:  - supports SSL with OpenSSL/1.0.2g
LogInit:  - supports HTTP deflate (compression) using libz 1.2.8
LogInit:  - other features:
LogInit:      CURL_VERSION_SSL
LogInit:      CURL_VERSION_LIBZ
LogInit:      CURL_VERSION_IPV6
LogInit:      CURL_VERSION_ASYNCHDNS
LogInit:      CURL_VERSION_LARGEFILE
LogInit:      CURL_VERSION_IDN
LogInit:  CurlRequestOptions (configurable via config and command line):
LogInit:  - bVerifyPeer = false  - Libcurl will NOT verify peer certificate
LogInit:  - bUseHttpProxy = false  - Libcurl will NOT use HTTP proxy
LogInit:  - bDontReuseConnections = false  - Libcurl will reuse connections
LogInit:  - CertBundlePath = nullptr  - Libcurl will use whatever was configured at build time.
LogInit: Build: ++UE4+Release-4.14-CL-3249277
LogInit: Engine Version: 4.14.3-3249277+++UE4+Release-4.14
LogInit: Compatible Engine Version: 4.14.0-3195953+++UE4+Release-4.14
LogInit: Net CL: 3195953
LogDevObjectVersion: Number of dev versions registered: 13
LogDevObjectVersion:   Dev-Blueprints (B0D832E4-1F89-4F0D-ACCF-7EB736FD4AA2): 7
LogDevObjectVersion:   Dev-Build (E1C64328-A22C-4D53-A36C-8E866417BD8C): 0
LogDevObjectVersion:   Dev-Core (375EC13C-06E4-48FB-B500-84F0262A717E): 1
LogDevObjectVersion:   Dev-Editor (E4B068ED-F494-42E9-A231-DA0B2E46BB41): 8
LogDevObjectVersion:   Dev-Framework (CFFC743F-43B0-4480-9391-14DF171D2073): 17
LogDevObjectVersion:   Dev-Mobile (B02B49B5-BB20-44E9-A304-32B752E40360): 0
LogDevObjectVersion:   Dev-Networking (A4E4105C-59A1-49B5-A7C5-40C4547EDFEE): 0
LogDevObjectVersion:   Dev-Online (39C831C9-5AE6-47DC-9A44-9C173E1C8E7C): 0
LogDevObjectVersion:   Dev-Physics (78F01B33-EBEA-4F98-B9B4-84EACCB95AA2): 0
LogDevObjectVersion:   Dev-Platform (6631380F-2D4D-43E0-8009-CF276956A95A): 0
LogDevObjectVersion:   Dev-Rendering (12F88B9F-8875-4AFC-A67C-D90C383ABD29): 12
LogDevObjectVersion:   Dev-Sequencer (7B5AE74C-D270-4C10-A958-57980B212A5A): 1
LogDevObjectVersion:   Dev-VR (D7296918-1DD6-4BDD-9DE2-64A83CC13884): 0
LogInit: Compiled (64-bit): Jan  6 2017 10:49:43
LogInit: Compiled with Visual C++: 19.00.23026.00
LogInit: Build Configuration: Development
LogInit: Branch Name: ++UE4+Release-4.14
LogInit: Command line: -EpicPortal 
LogInit: Base directory: C:/Program Files (x86)/Epic Games/4.14/Engine/Binaries/Win64/
LogInit: Installed Engine Build: 1
LogInit: Presizing for max 8388607 objects, including 0 objects not considered by GC, pre-allocating 0 bytes for permanent pool.
LogInit: Object subsystem initialized
[2017.03.27-21.12.07:845][  0]LogInit: Selected Device Profile: [Windows]
[2017.03.27-21.12.07:845][  0]LogInit: Applying CVar settings loaded from the selected device profile: [Windows]
[2017.03.27-21.12.07:860][  0]LogInit: Computer: KCPC-09
[2017.03.27-21.12.07:860][  0]LogInit: User: u1093850
[2017.03.27-21.12.07:860][  0]LogInit: CPU Page size=65536, Cores=4
[2017.03.27-21.12.07:860][  0]LogInit: High frequency timer resolution =3.215263 MHz
[2017.03.27-21.12.07:860][  0]LogMemory: Memory total: Physical=15.9GB (16GB approx)
[2017.03.27-21.12.07:860][  0]LogMemory: Platform Memory Stats for Windows
[2017.03.27-21.12.07:860][  0]LogMemory: Process Physical Memory: 264.46 MB used, 264.46 MB peak
[2017.03.27-21.12.07:860][  0]LogMemory: Process Virtual Memory: 264.21 MB used, 264.21 MB peak
[2017.03.27-21.12.07:860][  0]LogMemory: Physical Memory: 6045.48 MB used,  10238.46 MB free, 16283.94 MB total
[2017.03.27-21.12.07:860][  0]LogMemory: Virtual Memory: 663.75 MB used,  10238.46 MB free, 8388608.00 MB total
[2017.03.27-21.12.07:890][  0]LogTextLocalizationManager: No specific translations for ('en-US') exist, so ('en') translations will be used.
[2017.03.27-21.12.08:418][  0]LogD3D11RHI: D3D11 adapters:
[2017.03.27-21.12.08:433][  0]LogD3D11RHI:    0. 'NVIDIA GeForce GT 730' (Feature Level 11_0)
[2017.03.27-21.12.08:433][  0]LogD3D11RHI:       1994/0/7885 MB DedicatedVideo/DedicatedSystem/SharedSystem, Outputs:1, VendorId:0x10de
[2017.03.27-21.12.08:433][  0]LogD3D11RHI: Chosen D3D11 Adapter: 0
[2017.03.27-21.12.08:438][  0]LogD3D11RHI: Creating new Direct3DDevice
[2017.03.27-21.12.08:438][  0]LogD3D11RHI:     GPU DeviceId: 0x1287 (for the marketing name, search the web for "GPU Device Id")
[2017.03.27-21.12.08:438][  0]LogWindows: EnumDisplayDevices:
[2017.03.27-21.12.08:438][  0]LogWindows:    0. 'NVIDIA GeForce GT 730' (P:1 D:1)
[2017.03.27-21.12.08:438][  0]LogWindows:    1. 'NVIDIA GeForce GT 730' (P:0 D:0)
[2017.03.27-21.12.08:438][  0]LogWindows:    2. 'NVIDIA GeForce GT 730' (P:0 D:0)
[2017.03.27-21.12.08:438][  0]LogWindows:    3. 'RDPDD Chained DD' (P:0 D:0)
[2017.03.27-21.12.08:438][  0]LogWindows:    4. 'RDP Encoder Mirror Driver' (P:0 D:0)
[2017.03.27-21.12.08:439][  0]LogWindows:    5. 'RDP Reflector Display Driver' (P:0 D:0)
[2017.03.27-21.12.08:439][  0]LogWindows: DebugString: GetVideoDriverDetailsInvalid PrimaryIsNotTheChoosenAdapter GetVideoDriverDetailsInvalid PrimaryIsNotTheChoosenAdapter GetVideoDriverDetailsInvalid PrimaryIsNotTheChoosenAdapter FoundDriverCount:3 
[2017.03.27-21.12.08:439][  0]LogD3D11RHI:     Adapter Name: NVIDIA GeForce GT 730
[2017.03.27-21.12.08:439][  0]LogD3D11RHI:   Driver Version: 376.19 (internal:21.21.13.7619, unified:376.19)
[2017.03.27-21.12.08:439][  0]LogD3D11RHI:      Driver Date: 12-1-2016
[2017.03.27-21.12.08:439][  0]LogRHI: Texture pool is 1361 MB (70% of 1945 MB)
[2017.03.27-21.12.08:446][  0]LogD3D11RHI:Warning: Timestamp queries are currently disabled on this hardware due to instability. Realtime GPU stats will not be available. You can override this behaviour by setting r.NVIDIATimestampWorkaround to 0
[2017.03.27-21.12.08:446][  0]LogD3D11RHI: Async texture creation enabled
[2017.03.27-21.12.08:460][  0]LogD3D11RHI: GPU Timing Frequency: 1000.000000 (Debug: 2 2)
[2017.03.27-21.12.08:460][  0]LogShaderCompilers: Guid format shader working directory is -20 characters bigger than the processId version (../../../../../../Users/u1093850/Documents/GitHub/WhiteBox/Labyrinth/Intermediate/Shaders/WorkingDirectory/13700/).
[2017.03.27-21.12.08:460][  0]LogShaderCompilers: Cleaned the shader compiler working directory 'C:/Users/u1093850/AppData/Local/Temp/UnrealShaderWorkingDir/AE1386C148325092DE982DB44F95BE31/'.
[2017.03.27-21.12.08:460][  0]LogShaderCompilers:Display: Using Local Shader Compiler.
[2017.03.27-21.12.09:398][  0]LogTemp:Display: Loaded TP AllDesktopTargetPlatform
[2017.03.27-21.12.09:442][  0]LogTemp:Display: Loaded TP MacClientTargetPlatform
[2017.03.27-21.12.09:486][  0]LogTemp:Display: Loaded TP MacNoEditorTargetPlatform
[2017.03.27-21.12.09:533][  0]LogTemp:Display: Loaded TP MacServerTargetPlatform
[2017.03.27-21.12.09:576][  0]LogTemp:Display: Loaded TP MacTargetPlatform
[2017.03.27-21.12.09:623][  0]LogTemp:Display: Loaded TP WindowsClientTargetPlatform
[2017.03.27-21.12.09:667][  0]LogTemp:Display: Loaded TP WindowsNoEditorTargetPlatform
[2017.03.27-21.12.09:709][  0]LogTemp:Display: Loaded TP WindowsServerTargetPlatform
[2017.03.27-21.12.09:742][  0]LogTemp:Display: Loaded TP WindowsTargetPlatform
[2017.03.27-21.12.09:784][  0]LogTemp:Display: Loaded TP AndroidTargetPlatform
[2017.03.27-21.12.09:825][  0]LogTemp:Display: Loaded TP Android_ASTCTargetPlatform
[2017.03.27-21.12.09:867][  0]LogTemp:Display: Loaded TP Android_ATCTargetPlatform
[2017.03.27-21.12.09:908][  0]LogTemp:Display: Loaded TP Android_DXTTargetPlatform
[2017.03.27-21.12.09:951][  0]LogTemp:Display: Loaded TP Android_ETC1TargetPlatform
[2017.03.27-21.12.09:992][  0]LogTemp:Display: Loaded TP Android_ETC2TargetPlatform
[2017.03.27-21.12.10:074][  0]LogTemp:Display: Loaded TP Android_MultiTargetPlatform
[2017.03.27-21.12.10:074][  0]LogTemp:Display: Loaded TP Android_PVRTCTargetPlatform
[2017.03.27-21.12.10:101][  0]LogTemp:Display: Loaded TP HTML5TargetPlatform
[2017.03.27-21.12.10:166][  0]LogTemp:Display: Loaded TP IOSTargetPlatform
[2017.03.27-21.12.10:192][  0]LogTemp:Display: Loaded TP TVOSTargetPlatform
[2017.03.27-21.12.10:233][  0]LogTemp:Display: Loaded TP LinuxClientTargetPlatform
[2017.03.27-21.12.10:274][  0]LogTemp:Display: Loaded TP LinuxNoEditorTargetPlatform
[2017.03.27-21.12.10:314][  0]LogTemp:Display: Loaded TP LinuxServerTargetPlatform
[2017.03.27-21.12.10:355][  0]LogTemp:Display: Loaded TP LinuxTargetPlatform
[2017.03.27-21.12.10:355][  0]LogTargetPlatformManager:Display: Building Assets For Windows
[2017.03.27-21.12.10:608][  0]LogDerivedDataCache:Display: Max Cache Size: 512 MB
[2017.03.27-21.12.10:651][  0]LogDerivedDataCache: Loaded boot cache 0.04s 50MB C:/Users/u1093850/AppData/Local/UnrealEngine/4.14/DerivedDataCache/Boot.ddc.
[2017.03.27-21.12.10:651][  0]LogDerivedDataCache:Display: Loaded Boot cache: C:/Users/u1093850/AppData/Local/UnrealEngine/4.14/DerivedDataCache/Boot.ddc
[2017.03.27-21.12.10:651][  0]LogDerivedDataCache: FDerivedDataBackendGraph:  Pak pak cache file ../../../../../../Users/u1093850/Documents/GitHub/WhiteBox/Labyrinth/DerivedDataCache/DDC.ddp not found, will not use a pak cache.
[2017.03.27-21.12.10:651][  0]LogDerivedDataCache: Unable to find inner node Pak for hierarchical cache Hierarchy.
[2017.03.27-21.12.10:651][  0]LogDerivedDataCache: FDerivedDataBackendGraph:  CompressedPak pak cache file ../../../../../../Users/u1093850/Documents/GitHub/WhiteBox/Labyrinth/DerivedDataCache/Compressed.ddp not found, will not use a pak cache.
[2017.03.27-21.12.10:651][  0]LogDerivedDataCache: Unable to find inner node CompressedPak for hierarchical cache Hierarchy.
[2017.03.27-21.12.10:666][  0]LogDerivedDataCache:Display: Pak cache opened for reading ../../../Engine/DerivedDataCache/Compressed.ddp.
[2017.03.27-21.12.10:677][  0]LogDerivedDataCache: Using Local data cache path C:/Users/u1093850/AppData/Local/UnrealEngine/Common/DerivedDataCache: Writable
[2017.03.27-21.12.10:841][  0]LogInit: Selected Device Profile: [Windows]
[2017.03.27-21.12.10:843][  0]LogContentStreaming: Texture pool size is 0.00 MB
[2017.03.27-21.12.11:008][  0]LogMeshUtilities: Using QuadricMeshReduction for automatic static mesh reduction
[2017.03.27-21.12.11:038][  0]LogSimplygon: Simplygon DLL not present - disabling.
[2017.03.27-21.12.11:070][  0]LogMeshUtilities: Using SimplygonSwarm for distributed automatic mesh merging
[2017.03.27-21.12.11:070][  0]LogMeshUtilities: No automatic skeletal mesh reduction module available
[2017.03.27-21.12.11:070][  0]LogMeshUtilities: No automatic mesh merging module available
[2017.03.27-21.12.11:476][  0]LogNetVersion: GetLocalNetworkVersion: CL: 3195953, ProjectName: labyrinth, ProjectVersion: , EngineNetworkVersion: 2, GameNetworkVersion: 0, NetworkChecksum: 1399129483
[2017.03.27-21.12.11:521][  0]LogAssetRegistry: FAssetRegistry took 0.0195 seconds to start up
[2017.03.27-21.12.11:560][  0]LogPackageLocalizationCache: Processed 3 localized package path(s) for 2 prioritized culture(s) in 0.025585 seconds
[2017.03.27-21.12.11:565][  0]LogUObjectArray: 31946 objects as part of root set at end of initial load.
[2017.03.27-21.12.11:565][  0]LogUObjectAllocator: 6935848 out of 0 bytes used by permanent object pool.
[2017.03.27-21.12.11:565][  0]LogUObjectArray: CloseDisregardForGC: 0/0 objects in disregard for GC pool
[2017.03.27-21.12.11:606][  0]LogInit: WinSock: version 1.1 (2.2), MaxSocks=32767, MaxUdp=65467
[2017.03.27-21.12.12:140][  0]LogSlate: Using Freetype 2.6.0
[2017.03.27-21.12.12:140][  0]LogSlate: SlateFontCache - WITH_FREETYPE: 1, WITH_HARFBUZZ: 1
[2017.03.27-21.12.12:140][  0]LogSlate: SlateFontCache - WITH_FREETYPE: 1, WITH_HARFBUZZ: 1
[2017.03.27-21.12.12:786][  0]LogTcpMessaging: Initializing TcpMessaging bridge
[2017.03.27-21.12.12:814][  0]LogUdpMessaging: Initializing bridge on interface 0.0.0.0:0 to multicast group 230.0.0.1:6666.
[2017.03.27-21.12.13:047][  0]LogMaterial: Uniform references updated for custom material expression Custom.
[2017.03.27-21.12.13:323][  0]SourceControl: Info Source control is disabled
[2017.03.27-21.12.13:324][  0]SourceControl: Info Source control is disabled
[2017.03.27-21.12.13:355][  0]SourceControl: Info Source control is disabled
[2017.03.27-21.12.13:386][  0]SourceControl: Info Source control is disabled
[2017.03.27-21.12.14:247][  0]LogEngine: Initializing Engine...
[2017.03.27-21.12.14:247][  0]LogHMD: Failed to initialize OpenVR with code 110
[2017.03.27-21.12.14:441][  0]LogAIModule: Creating AISystem for world Untitled
[2017.03.27-21.12.14:459][  0]LogInit: XAudio2 using 'Speakers (Realtek High Definition Audio)' : 2 channels at 48 kHz using 32 bits per sample (channel mask 0x3)
[2017.03.27-21.12.14:506][  0]LogInit: FAudioDevice initialized.
[2017.03.27-21.12.14:529][  0]LogDerivedDataCache: Saved boot cache 0.02s 50MB C:/Users/u1093850/AppData/Local/UnrealEngine/4.14/DerivedDataCache/Boot.ddc.
[2017.03.27-21.12.14:536][  0]LogInit: Texture streaming: Enabled
[2017.03.27-21.12.14:664][  0]LogInit: Transaction tracking system initialized
[2017.03.27-21.12.14:906][  0]BlueprintLog: New page: Editor Load
[2017.03.27-21.12.15:517][  0]LocalizationService: Info Localization service is disabled
[2017.03.27-21.12.15:968][  0]LogConsoleResponse:Display: 
[2017.03.27-21.12.16:082][  0]LogCook:Display: Max memory allowance for cook 16384mb min free memory 0mb
[2017.03.27-21.12.16:082][  0]LogCook:Display: Mobile HDR setting 1
[2017.03.27-21.12.16:332][  0]LogFileCache: Scanning file cache for directory 'C:/Users/u1093850/Documents/GitHub/WhiteBox/Labyrinth/Content/' took 0.01s
[2017.03.27-21.12.16:749][  0]SourceControl: Info Source control is disabled
[2017.03.27-21.12.16:749][  0]Cmd: MAP LOAD FILE="../../../../../../Users/u1093850/Documents/GitHub/WhiteBox/Labyrinth/Content/Labyrinth.umap" TEMPLATE=0 SHOWPROGRESS=1 FEATURELEVEL=3
[2017.03.27-21.12.16:749][  0]LightingResults: New page: Lighting Build
[2017.03.27-21.12.16:779][  0]MapCheck: New page: Map Check
[2017.03.27-21.12.16:779][  0]LightingResults: New page: Lighting Build
[2017.03.27-21.12.16:859][  0]LogAIModule: Creating AISystem for world Labyrinth
[2017.03.27-21.12.16:874][  0]LogEditorServer: Finished looking for orphan Actors (0.000 secs)
[2017.03.27-21.12.16:874][  0]Cmd: MAP CHECKDEP NOCLEARLOG
[2017.03.27-21.12.16:901][  0]MapCheck: Info Map check complete: 0 Error(s), 0 Warning(s), took 27.021ms to complete.
[2017.03.27-21.12.16:901][  0]LogFileHelpers: Loading map 'Labyrinth' took 0.153
[2017.03.27-21.12.17:056][  0]LogCollectionManager: Loaded 0 collections in 0.001038 seconds
[2017.03.27-21.12.17:140][  0]LogFileCache: Scanning file cache for directory 'C:/Users/u1093850/Documents/GitHub/WhiteBox/Labyrinth/Saved/Collections/' took 0.01s
[2017.03.27-21.12.17:140][  0]LogFileCache: Scanning file cache for directory 'C:/Users/u1093850/Documents/GitHub/WhiteBox/Labyrinth/Content/Developers/u1093850/Collections/' took 0.01s
[2017.03.27-21.12.17:140][  0]LogFileCache: Scanning file cache for directory 'C:/Users/u1093850/Documents/GitHub/WhiteBox/Labyrinth/Content/Collections/' took 0.01s
[2017.03.27-21.12.17:140][  0]LogCollectionManager: Rebuilt the GUID cache for 0 collections in 0.000002 seconds
[2017.03.27-21.12.17:152][  0]LogContentBrowser: Native class hierarchy populated in 0.0082 seconds. Added 2190 classes and 428 folders.
[2017.03.27-21.12.17:185][  0]LogStats: UGameplayTagsManager::ConstructGameplayTagTree: Construct from data asset -  0.000 s
[2017.03.27-21.12.17:185][  0]LogStats: UGameplayTagsManager::ConstructGameplayTagTree: GameplayTagTreeChangedEvent.Broadcast -  0.000 s
[2017.03.27-21.12.17:185][  0]LogContentBrowser: Native class hierarchy updated for 'GameplayTags' in 0.0004 seconds. Added 13 classes and 0 folders.
[2017.03.27-21.12.17:231][  0]LogContentBrowser: Native class hierarchy updated for 'WidgetCarousel' in 0.0005 seconds. Added 0 classes and 0 folders.
[2017.03.27-21.12.17:274][  0]LogContentBrowser: Native class hierarchy updated for 'AddContentDialog' in 0.0004 seconds. Added 0 classes and 0 folders.
[2017.03.27-21.12.17:314][  0]LogContentBrowser: Native class hierarchy updated for 'SceneOutliner' in 0.0005 seconds. Added 1 classes and 2 folders.
[2017.03.27-21.12.17:390][  0]LogCrashTracker: Crashtracker disabled due to settings.
[2017.03.27-21.12.17:410][  0]LogTexture:Display: Building textures: Blueprint_64x (BGRA8)
[2017.03.27-21.12.17:411][  0]LogTexture:Display: Building textures: icon_Editor_Preferences_General_40x (BGRA8)
[2017.03.27-21.12.17:412][  0]LogTexture:Display: Building textures: Paper2DSprite_TutorialIcon (BGRA8)
[2017.03.27-21.12.17:414][  0]LogTexture:Display: Building textures: icon_ShowSkeletalMeshes_40x (BGRA8)
[2017.03.27-21.12.17:415][  0]LogTexture:Display: Building textures: Landscape (BGRA8)
[2017.03.27-21.12.17:416][  0]LogTexture:Display: Building textures: Foliage (BGRA8)
[2017.03.27-21.12.17:475][  0]LogContentBrowser: Native class hierarchy updated for 'HierarchicalLODOutliner' in 0.0004 seconds. Added 1 classes and 2 folders.
[2017.03.27-21.12.17:475][  0]LogLoad: (Engine Initialization) Total time: 10.91 seconds
[2017.03.27-21.12.17:475][  0]LogLoad: (Engine Initialization) Total Blueprint compile time: 0.03 seconds
[2017.03.27-21.12.17:475][  0]LogExternalProfiler: Found external profiler: VSPerf
[2017.03.27-21.12.17:475][  0]LogExternalProfiler: Using external profiler: VSPerf
[2017.03.27-21.12.17:484][  0]LogOcInput: OculusInput pre-init called
[2017.03.27-21.12.17:505][  0]LogContentStreaming: Texture pool size now 1000 MB
[2017.03.27-21.12.17:521][  0]LogTexture:Display: Building textures: icon_tab_Levels_40x (BGRA8)
[2017.03.27-21.12.17:609][  0]LogTexture:Display: Building textures: LevelGrid1DStripes (BGRA8)
[2017.03.27-21.12.17:676][  0]LogRenderer: Reallocating scene render targets to support 1616x808 NumSamples 1 (Frame:2).
[2017.03.27-21.12.17:787][  1]LogAssetRegistry: Asset discovery search completed in 6.2859 seconds
[2017.03.27-21.12.17:787][  1]LogCollectionManager: Rebuilt the object cache for 0 collections in 0.000001 seconds (found 0 objects)
[2017.03.27-21.12.17:787][  1]LogCollectionManager: Fixed up redirectors for 0 collections in 0.000014 seconds (updated 0 objects)
[2017.03.27-21.13.12:236][273]LogEditorViewport: Clicking on Actor (LMB): PointLight (PointLight)
[2017.03.27-21.13.17:564][376]LogEditorViewport: Clicking on Actor (LMB): PointLight (PointLight2)
[2017.03.27-21.13.21:455][450]Cmd: DELETE
[2017.03.27-21.13.21:455][450]Cmd: ACTOR DELETE
[2017.03.27-21.13.21:464][450]LogEditorActor: Deleted Actor: Brush
[2017.03.27-21.13.21:564][450]LogEditorActor: Deleted 1 Actors (0.102 secs)
[2017.03.27-21.13.24:299][503]LogTexture:Display: Building textures: T_Wood_Floor_Walnut_D (AutoDXT)
[2017.03.27-21.13.29:745][503]LogTexture:Display: Building textures: T_Wood_Floor_Walnut_N (BC5)
[2017.03.27-21.13.30:397][503]LogTexture:Display: Building textures: T_Wood_Floor_Walnut_M (AutoDXT)
[2017.03.27-21.13.35:779][503]LogTexture:Display: Building textures: T_Perlin_Noise_M (AutoDXT)
[2017.03.27-21.14.58:455][ 72]LogTexture:Display: Building textures: T_Metal_Gold_N (BC5)
[2017.03.27-21.14.59:127][ 72]LogTexture:Display: Building textures: T_Metal_Gold_D (AutoDXT)
[2017.03.27-21.15.04:703][ 72]LogTexture:Display: Building textures: T_MacroVariation (AutoDXT)
[2017.03.27-21.15.31:391][810]LogEditorViewport: Clicking on Actor (LMB): PointLight (PointLight2)
[2017.03.27-21.15.53:183][490]LogEditorViewport: Clicking on Actor (LMB): PointLight (PointLight2)
[2017.03.27-21.16.03:790][675]LogEditorViewport: Clicking on Actor (LMB): PointLight (PointLight)
[2017.03.27-21.16.10:234][784]LogEditorViewport: Clicking on Actor (LMB): PointLight (PointLight3)
[2017.03.27-21.17.00:211][568]LogTexture:Display: Building textures: T_Metal_Copper_D (AutoDXT)
[2017.03.27-21.17.44:948][291]Cmd: OBJ SAVEPACKAGE PACKAGE="/Game/Labyrinth" FILE="../../../../../../Users/u1093850/Documents/GitHub/WhiteBox/Labyrinth/Content/Labyrinth.umap" SILENT=true AUTOSAVING=false KEEPDIRTY=false
[2017.03.27-21.17.45:172][291]LogSavePackage: Save=193.35ms
[2017.03.27-21.17.45:172][291]LogSavePackage: Moving '../../../../../../Users/u1093850/Documents/GitHub/WhiteBox/Labyrinth/Saved/LabyrinthD51F2EE04921C1EC18CFA7913CFAA3B0.tmp' to '../../../../../../Users/u1093850/Documents/GitHub/WhiteBox/Labyrinth/Content/Labyrinth.umap'
[2017.03.27-21.17.45:176][291]LogSavePackage:Display: Finished SavePackage ../../../../../../Users/u1093850/Documents/GitHub/WhiteBox/Labyrinth/Content/Labyrinth.umap
[2017.03.27-21.17.56:195][468]LogActorFactory: Actor Factory created Cylinder
[2017.03.27-21.17.56:632][474]LogActorFactory: Actor Factory created Cylinder
[2017.03.27-21.18.06:145][621]Cmd: TRANSACTION UNDO
[2017.03.27-21.18.06:145][621]LogEditorTransaction: Undo Select Brush Surface
[2017.03.27-21.18.06:344][622]Cmd: TRANSACTION UNDO
[2017.03.27-21.18.06:344][622]LogEditorTransaction: Undo Set actor scale
[2017.03.27-21.18.06:374][622]LogActorComponent: ~FComponentReregisterContext: (/Game/Labyrinth.Labyrinth:PersistentLevel.BoxBrush70_108.BrushComponent0) Component already registered.
[2017.03.27-21.18.06:375][622]LogActorComponent: ~FComponentReregisterContext: (/Game/Labyrinth.Labyrinth:PersistentLevel.BoxBrush76_122.BrushComponent0) Component already registered.
[2017.03.27-21.18.06:385][622]LogActorComponent: ~FComponentReregisterContext: (/Game/Labyrinth.Labyrinth:PersistentLevel.BoxBrush3.BrushComponent0) Component already registered.
[2017.03.27-21.18.06:708][634]Cmd: TRANSACTION UNDO
[2017.03.27-21.18.06:708][634]LogEditorTransaction: Undo Set actor scale
[2017.03.27-21.18.06:741][634]LogActorComponent: ~FComponentReregisterContext: (/Game/Labyrinth.Labyrinth:PersistentLevel.BoxBrush70_108.BrushComponent0) Component already registered.
[2017.03.27-21.18.06:742][634]LogActorComponent: ~FComponentReregisterContext: (/Game/Labyrinth.Labyrinth:PersistentLevel.BoxBrush76_122.BrushComponent0) Component already registered.
[2017.03.27-21.18.06:751][634]LogPhysics:Warning: FDerivedDataPhysXCooker::BuildTriMesh: Triangle data from '/Game/Labyrinth.Labyrinth:PersistentLevel.ModelComponent_312' invalid (10982 verts, 0 indices).
[2017.03.27-21.18.06:752][634]LogPhysics:Warning: FDerivedDataPhysXCooker::BuildTriMesh: Triangle data from '/Game/Labyrinth.Labyrinth:PersistentLevel.ModelComponent_313' invalid (10982 verts, 0 indices).
[2017.03.27-21.18.06:752][634]LogPhysics:Warning: FDerivedDataPhysXCooker::BuildTriMesh: Triangle data from '/Game/Labyrinth.Labyrinth:PersistentLevel.ModelComponent_314' invalid (10982 verts, 0 indices).
[2017.03.27-21.18.06:752][634]LogPhysics:Warning: FDerivedDataPhysXCooker::BuildTriMesh: Triangle data from '/Game/Labyrinth.Labyrinth:PersistentLevel.ModelComponent_315' invalid (10982 verts, 0 indices).
[2017.03.27-21.18.06:752][634]LogPhysics:Warning: FDerivedDataPhysXCooker::BuildTriMesh: Triangle data from '/Game/Labyrinth.Labyrinth:PersistentLevel.ModelComponent_316' invalid (10982 verts, 0 indices).
[2017.03.27-21.18.06:752][634]LogPhysics:Warning: FDerivedDataPhysXCooker::BuildTriMesh: Triangle data from '/Game/Labyrinth.Labyrinth:PersistentLevel.ModelComponent_317' invalid (10982 verts, 0 indices).
[2017.03.27-21.18.06:752][634]LogPhysics:Warning: FDerivedDataPhysXCooker::BuildTriMesh: Triangle data from '/Game/Labyrinth.Labyrinth:PersistentLevel.ModelComponent_318' invalid (10982 verts, 0 indices).
[2017.03.27-21.18.06:753][634]LogPhysics:Warning: FDerivedDataPhysXCooker::BuildTriMesh: Triangle data from '/Game/Labyrinth.Labyrinth:PersistentLevel.ModelComponent_319' invalid (10982 verts, 0 indices).
[2017.03.27-21.18.06:753][634]LogPhysics:Warning: FDerivedDataPhysXCooker::BuildTriMesh: Triangle data from '/Game/Labyrinth.Labyrinth:PersistentLevel.ModelComponent_320' invalid (10982 verts, 0 indices).
[2017.03.27-21.18.06:753][634]LogPhysics:Warning: FDerivedDataPhysXCooker::BuildTriMesh: Triangle data from '/Game/Labyrinth.Labyrinth:PersistentLevel.ModelComponent_321' invalid (10982 verts, 0 indices).
[2017.03.27-21.18.06:753][634]LogPhysics:Warning: FDerivedDataPhysXCooker::BuildTriMesh: Triangle data from '/Game/Labyrinth.Labyrinth:PersistentLevel.ModelComponent_322' invalid (10982 verts, 0 indices).
[2017.03.27-21.18.06:753][634]LogPhysics:Warning: FDerivedDataPhysXCooker::BuildTriMesh: Triangle data from '/Game/Labyrinth.Labyrinth:PersistentLevel.ModelComponent_323' invalid (10982 verts, 0 indices).
[2017.03.27-21.18.06:753][634]LogPhysics:Warning: FDerivedDataPhysXCooker::BuildTriMesh: Triangle data from '/Game/Labyrinth.Labyrinth:PersistentLevel.ModelComponent_324' invalid (10982 verts, 0 indices).
[2017.03.27-21.18.06:753][634]LogActorComponent: ~FComponentReregisterContext: (/Game/Labyrinth.Labyrinth:PersistentLevel.BoxBrush3.BrushComponent0) Component already registered.
[2017.03.27-21.18.08:246][684]LogEditorViewport: Clicking on Actor (LMB): StaticMeshActor (Cylinder)
[2017.03.27-21.19.27:025][ 26]LogActorFactory: Actor Factory created Sphere
[2017.03.27-21.19.27:820][ 38]LogActorFactory: Actor Factory created Sphere
[2017.03.27-21.20.41:685][191]LogEditorViewport: Clicking on Actor (LMB): PointLight (PointLight4)
[2017.03.27-21.20.42:793][208]Cmd: DELETE
[2017.03.27-21.20.42:793][208]Cmd: ACTOR DELETE
[2017.03.27-21.20.42:795][208]LogEditorActor: Deleted Actor: PointLight
[2017.03.27-21.20.42:866][208]LogEditorActor: Deleted 1 Actors (0.073 secs)
[2017.03.27-21.20.44:426][236]LogEditorViewport: Clicking on Actor (LMB): PointLight (PointLight)
[2017.03.27-21.20.57:671][467]LogEditorViewport: Clicking on Actor (LMB): StaticMeshActor (Sphere)
[2017.03.27-21.21.05:258][597]Cmd: OBJ SAVEPACKAGE PACKAGE="/Game/Labyrinth" FILE="../../../../../../Users/u1093850/Documents/GitHub/WhiteBox/Labyrinth/Content/Labyrinth.umap" SILENT=true AUTOSAVING=false KEEPDIRTY=false
[2017.03.27-21.21.05:432][597]LogSavePackage: Save=164.90ms
[2017.03.27-21.21.05:432][597]LogSavePackage: Moving '../../../../../../Users/u1093850/Documents/GitHub/WhiteBox/Labyrinth/Saved/Labyrinth2ECE6AD748471F22872B2F9128744232.tmp' to '../../../../../../Users/u1093850/Documents/GitHub/WhiteBox/Labyrinth/Content/Labyrinth.umap'
[2017.03.27-21.21.05:435][597]LogSavePackage:Display: Finished SavePackage ../../../../../../Users/u1093850/Documents/GitHub/WhiteBox/Labyrinth/Content/Labyrinth.umap
[2017.03.27-21.25.07:763][425]Cmd: TRANSACTION UNDO
[2017.03.27-21.25.07:763][425]LogEditorTransaction: Undo Animatable Property Changed
[2017.03.27-21.26.25:669][751]LogEditorViewport: Clicking Background
[2017.03.27-21.26.26:396][772]Cmd: TRANSACTION UNDO
[2017.03.27-21.26.26:396][772]LogEditorTransaction: Undo Animatable Property Changed
[2017.03.27-21.26.30:423][927]LogEditorViewport: Clicking Background
[2017.03.27-21.26.31:507][958]Cmd: TRANSACTION UNDO
[2017.03.27-21.26.31:507][958]LogEditorTransaction: Undo Animatable Property Changed
[2017.03.27-21.26.55:004][974]Cmd: TRANSACTION UNDO
[2017.03.27-21.26.55:004][974]LogEditorTransaction: Undo Select Actors
[2017.03.27-21.26.58:080][117]LogEditorViewport: Clicking Background
[2017.03.27-21.26.58:346][123]LogEditorViewport: Clicking Background
[2017.03.27-21.27.07:275][837]LogEditorViewport: Clicking Background
[2017.03.27-21.27.17:587][110]LogEditorViewport: Clicking on Actor (LMB): Brush (Box Brush90)
[2017.03.27-21.28.34:524][ 11]Cmd: TRANSACTION UNDO
[2017.03.27-21.28.34:524][ 11]LogEditorTransaction: Undo Possess Object in Sequencer
[2017.03.27-21.30.39:941][341]Cmd: TRANSACTION UNDO
[2017.03.27-21.30.39:941][341]LogEditorTransaction: Undo Set Float Key Value
[2017.03.27-21.30.40:442][366]Cmd: TRANSACTION UNDO
[2017.03.27-21.30.40:442][366]LogEditorTransaction: Undo Set Float Key Value
[2017.03.27-21.30.52:681][633]Cmd: TRANSACTION UNDO
[2017.03.27-21.30.52:681][633]LogEditorTransaction: Undo Set Float Key Value
[2017.03.27-21.31.08:564][  9]Cmd: TRANSACTION UNDO
[2017.03.27-21.31.08:564][  9]LogEditorTransaction: Undo Set Float Key Value
[2017.03.27-21.31.13:326][156]Cmd: TRANSACTION UNDO
[2017.03.27-21.31.13:326][156]LogEditorTransaction: Undo Set Float Key Value
[2017.03.27-21.31.16:097][254]Cmd: TRANSACTION UNDO
[2017.03.27-21.31.16:097][254]LogEditorTransaction: Undo Set Float Key Value
[2017.03.27-21.31.42:540][780]LogSavePackage: Save=167.61ms
[2017.03.27-21.31.42:540][780]LogSavePackage: Moving '../../../../../../Users/u1093850/Documents/GitHub/WhiteBox/Labyrinth/Saved/Labyrinth_Auto1636DAD6A4382A4D444087F89CF079203.tmp' to '../../../../../../Users/u1093850/Documents/GitHub/WhiteBox/Labyrinth/Saved/Autosaves/Game/Labyrinth_Auto1.umap'
[2017.03.27-21.31.42:541][780]LogSavePackage:Display: Finished SavePackage ../../../../../../Users/u1093850/Documents/GitHub/WhiteBox/Labyrinth/Saved/Autosaves/Game/Labyrinth_Auto1.umap
[2017.03.27-21.31.42:548][780]LogFileHelpers: Editor autosave (incl. sublevels) for '/Game/Labyrinth' took 0.191
[2017.03.27-21.31.42:548][780]LogFileHelpers: Editor autosave (incl. sublevels) for all levels took 0.191
[2017.03.27-21.31.42:549][780]OBJ SavePackage: Generating thumbnails for [0] asset(s) in package [/Game/NewLevelSequence] ([1] browsable assets)...
[2017.03.27-21.31.42:549][780]OBJ SavePackage: Finished generating thumbnails for package [/Game/NewLevelSequence]
[2017.03.27-21.31.42:559][780]LogSavePackage: Save=8.85ms
[2017.03.27-21.31.42:559][780]LogSavePackage: Moving '../../../../../../Users/u1093850/Documents/GitHub/WhiteBox/Labyrinth/Saved/NewLevelSequence_Auto1A7F7415C498235D03690C0BD44C0ACE7.tmp' to '../../../../../../Users/u1093850/Documents/GitHub/WhiteBox/Labyrinth/Saved/Autosaves/Game/NewLevelSequence_Auto1.uasset'
[2017.03.27-21.31.42:561][780]LogSavePackage:Display: Finished SavePackage ../../../../../../Users/u1093850/Documents/GitHub/WhiteBox/Labyrinth/Saved/Autosaves/Game/NewLevelSequence_Auto1.uasset
[2017.03.27-21.31.42:561][780]LogFileHelpers: Auto-saving content packages took 0.012
[2017.03.27-21.37.04:866][907]LogEditorViewport: Clicking on Actor (LMB): StaticMeshActor (Sphere)
[2017.03.27-21.40.01:427][903]Cmd: TRANSACTION UNDO
[2017.03.27-21.40.01:427][903]LogEditorTransaction: Undo Move Section
[2017.03.27-21.41.38:492][159]Cmd: TRANSACTION UNDO
[2017.03.27-21.41.38:492][159]LogEditorTransaction: Undo Set Float Key Value
[2017.03.27-21.41.43:059][285]Cmd: TRANSACTION UNDO
[2017.03.27-21.41.43:059][285]LogEditorTransaction: Undo Set Float Key Value
[2017.03.27-21.41.46:593][396]Cmd: TRANSACTION UNDO
[2017.03.27-21.41.46:593][396]LogEditorTransaction: Undo Set Float Key Value
[2017.03.27-21.41.53:639][569]Cmd: TRANSACTION UNDO
[2017.03.27-21.41.53:639][569]LogEditorTransaction: Undo Set Float Key Value
[2017.03.27-21.42.52:267][213]Cmd: TRANSACTION UNDO
[2017.03.27-21.42.52:267][213]LogEditorTransaction: Undo Animatable Property Changed
[2017.03.27-21.45.44:851][464]Cmd: TRANSACTION UNDO
[2017.03.27-21.45.44:851][464]LogEditorTransaction: Undo Set Float Key Value
[2017.03.27-21.47.11:876][295]LogEditorViewport: Clicking on Actor (LMB): StaticMeshActor (Sphere)
[2017.03.27-21.48.23:299][  7]Cmd: TRANSACTION UNDO
[2017.03.27-21.48.23:299][  7]LogEditorTransaction: Undo Animatable Property Changed
[2017.03.27-21.49.10:478][ 93]LogSavePackage: Save=171.17ms
[2017.03.27-21.49.10:478][ 93]LogSavePackage: Moving '../../../../../../Users/u1093850/Documents/GitHub/WhiteBox/Labyrinth/Saved/Labyrinth_Auto206B09EC6427640111440C59ABF9D85C6.tmp' to '../../../../../../Users/u1093850/Documents/GitHub/WhiteBox/Labyrinth/Saved/Autosaves/Game/Labyrinth_Auto2.umap'
[2017.03.27-21.49.10:479][ 93]LogSavePackage:Display: Finished SavePackage ../../../../../../Users/u1093850/Documents/GitHub/WhiteBox/Labyrinth/Saved/Autosaves/Game/Labyrinth_Auto2.umap
[2017.03.27-21.49.10:541][ 93]LogFileHelpers: Editor autosave (incl. sublevels) for '/Game/Labyrinth' took 0.282
[2017.03.27-21.49.10:541][ 93]LogFileHelpers: Editor autosave (incl. sublevels) for all levels took 0.282
[2017.03.27-21.49.10:543][ 93]OBJ SavePackage: Generating thumbnails for [0] asset(s) in package [/Game/NewLevelSequence] ([1] browsable assets)...
[2017.03.27-21.49.10:543][ 93]OBJ SavePackage: Finished generating thumbnails for package [/Game/NewLevelSequence]
[2017.03.27-21.49.10:558][ 93]LogSavePackage: Save=12.91ms
[2017.03.27-21.49.10:558][ 93]LogSavePackage: Moving '../../../../../../Users/u1093850/Documents/GitHub/WhiteBox/Labyrinth/Saved/NewLevelSequence_Auto2D5DC5FCE41A88A5E0C1AF29EF0F5339C.tmp' to '../../../../../../Users/u1093850/Documents/GitHub/WhiteBox/Labyrinth/Saved/Autosaves/Game/NewLevelSequence_Auto2.uasset'
[2017.03.27-21.49.10:558][ 93]LogSavePackage:Display: Finished SavePackage ../../../../../../Users/u1093850/Documents/GitHub/WhiteBox/Labyrinth/Saved/Autosaves/Game/NewLevelSequence_Auto2.uasset
[2017.03.27-21.49.10:558][ 93]LogFileHelpers: Auto-saving content packages took 0.016
[2017.03.27-21.54.03:502][204]LogEditorViewport: Clicking on Actor (LMB): CineCameraActor (CineCameraActor94)
[2017.03.27-21.54.43:085][300]LogEditorViewport: Clicking on Actor (LMB): CineCameraActor (CineCameraActor94)
[2017.03.27-21.55.06:602][425]LogEditorViewport: Clicking on Actor (LMB): CineCameraActor (CineCameraActor108)
[2017.03.27-21.55.37:658][636]LogEditorViewport: Clicking on Actor (LMB): CineCameraActor (CineCameraActor94)
[2017.03.27-21.55.54:913][155]LogEditorViewport: Clicking on Actor (LMB): CineCameraActor (CineCameraActor108)
[2017.03.27-21.55.58:347][206]LogEditorViewport: Clicking on Actor (LMB): CineCameraActor (CineCameraActor82)
[2017.03.27-21.56.01:639][255]LogEditorViewport: Clicking on Actor (LMB): CineCameraActor (CineCameraActor94)
[2017.03.27-21.56.08:461][418]Cmd: TRANSACTION UNDO
[2017.03.27-21.56.08:461][418]LogEditorTransaction: Undo Select Actors
[2017.03.27-21.56.09:030][447]Cmd: TRANSACTION UNDO
[2017.03.27-21.56.09:030][447]LogEditorTransaction: Undo Animatable Property Changed
[2017.03.27-21.56.09:545][489]Cmd: TRANSACTION UNDO
[2017.03.27-21.56.09:545][489]LogEditorTransaction: Undo Move Actors
[2017.03.27-21.56.10:122][498]Cmd: TRANSACTION UNDO
[2017.03.27-21.56.10:122][498]LogEditorTransaction: Undo Clicking on Actors
[2017.03.27-21.56.10:843][509]Cmd: TRANSACTION UNDO
[2017.03.27-21.56.10:843][509]LogEditorTransaction: Undo Animatable Property Changed
[2017.03.27-21.56.11:794][524]Cmd: TRANSACTION UNDO
[2017.03.27-21.56.11:794][524]LogEditorTransaction: Undo Move Actors
[2017.03.27-21.56.12:505][535]Cmd: TRANSACTION UNDO
[2017.03.27-21.56.12:505][535]LogEditorTransaction: Undo Clicking on Actors
[2017.03.27-21.56.12:842][540]Cmd: TRANSACTION UNDO
[2017.03.27-21.56.12:842][540]LogEditorTransaction: Undo Animatable Property Changed
[2017.03.27-21.56.13:485][550]Cmd: TRANSACTION UNDO
[2017.03.27-21.56.13:485][550]LogEditorTransaction: Undo Move Actors
[2017.03.27-21.56.34:445][878]Cmd: OBJ SAVEPACKAGE PACKAGE="/Game/NewLevelSequence" FILE="../../../../../../Users/u1093850/Documents/GitHub/WhiteBox/Labyrinth/Content/NewLevelSequence.uasset" SILENT=true
[2017.03.27-21.56.34:469][878]LogSavePackage: Save=19.71ms
[2017.03.27-21.56.34:469][878]LogSavePackage: Moving '../../../../../../Users/u1093850/Documents/GitHub/WhiteBox/Labyrinth/Saved/NewLevelSequence869073084B817FC2BFD4BE888641E2D8.tmp' to '../../../../../../Users/u1093850/Documents/GitHub/WhiteBox/Labyrinth/Content/NewLevelSequence.uasset'
[2017.03.27-21.56.34:473][878]LogSavePackage:Display: Finished SavePackage ../../../../../../Users/u1093850/Documents/GitHub/WhiteBox/Labyrinth/Content/NewLevelSequence.uasset
[2017.03.27-21.56.35:729][898]LogUObjectGlobals:Warning: Guid referenced by SceneComponent /Game/NewLevelSequence.NewLevelSequence:MovieScene_0.CineCameraActor_9.SceneComponent is already used by SceneComponent /Game/Labyrinth.Labyrinth:PersistentLevel.CineCameraActor_139.SceneComponent, which should never happen in the editor but could happen at runtime with duplicate level loading or PIE
[2017.03.27-21.56.35:729][898]LogUObjectGlobals:Warning: Guid referenced by CineCameraComponent /Game/NewLevelSequence.NewLevelSequence:MovieScene_0.CineCameraActor_9.CameraComponent is already used by CineCameraComponent /Game/Labyrinth.Labyrinth:PersistentLevel.CineCameraActor_139.CameraComponent, which should never happen in the editor but could happen at runtime with duplicate level loading or PIE
[2017.03.27-21.56.35:758][898]LogUObjectGlobals:Warning: Guid referenced by SceneComponent /Game/NewLevelSequence.NewLevelSequence:MovieScene_0.CineCameraActor_8.SceneComponent is already used by SceneComponent /Game/Labyrinth.Labyrinth:PersistentLevel.CineCameraActor_138.SceneComponent, which should never happen in the editor but could happen at runtime with duplicate level loading or PIE
[2017.03.27-21.56.35:758][898]LogUObjectGlobals:Warning: Guid referenced by CineCameraComponent /Game/NewLevelSequence.NewLevelSequence:MovieScene_0.CineCameraActor_8.CameraComponent is already used by CineCameraComponent /Game/Labyrinth.Labyrinth:PersistentLevel.CineCameraActor_138.CameraComponent, which should never happen in the editor but could happen at runtime with duplicate level loading or PIE
[2017.03.27-21.56.35:758][898]LogUObjectGlobals:Warning: Guid referenced by SceneComponent /Game/NewLevelSequence.NewLevelSequence:MovieScene_0.CineCameraActor_7.SceneComponent is already used by SceneComponent /Game/Labyrinth.Labyrinth:PersistentLevel.CineCameraActor_137.SceneComponent, which should never happen in the editor but could happen at runtime with duplicate level loading or PIE
[2017.03.27-21.56.35:758][898]LogUObjectGlobals:Warning: Guid referenced by CineCameraComponent /Game/NewLevelSequence.NewLevelSequence:MovieScene_0.CineCameraActor_7.CameraComponent is already used by CineCameraComponent /Game/Labyrinth.Labyrinth:PersistentLevel.CineCameraActor_137.CameraComponent, which should never happen in the editor but could happen at runtime with duplicate level loading or PIE
[2017.03.27-21.57.38:098][ 62]LogEditorViewport: Clicking on Actor (LMB): CineCameraActor (CineCameraActor94)
[2017.03.27-21.57.41:753][119]LogEditorViewport: Clicking on Actor (LMB): CineCameraActor (CineCameraActor82)
[2017.03.27-21.57.49:202][237]LogEditorViewport: Clicking on Actor (LMB): CineCameraActor (CineCameraActor108)
[2017.03.27-21.57.58:155][446]Cmd: TRANSACTION UNDO
[2017.03.27-21.57.58:155][446]LogEditorTransaction: Undo Select Actors
[2017.03.27-21.57.58:673][457]Cmd: TRANSACTION UNDO
[2017.03.27-21.57.58:673][457]LogEditorTransaction: Undo Animatable Property Changed
[2017.03.27-21.57.59:043][489]Cmd: TRANSACTION UNDO
[2017.03.27-21.57.59:043][489]LogEditorTransaction: Undo Move Actors
[2017.03.27-21.57.59:421][503]Cmd: TRANSACTION UNDO
[2017.03.27-21.57.59:421][503]LogEditorTransaction: Undo Animatable Property Changed
[2017.03.27-21.57.59:794][509]Cmd: TRANSACTION UNDO
[2017.03.27-21.57.59:794][509]LogEditorTransaction: Undo Clicking on Actors
[2017.03.27-21.58.00:874][526]Cmd: TRANSACTION UNDO
[2017.03.27-21.58.00:874][526]LogEditorTransaction: Undo Animatable Property Changed
[2017.03.27-21.58.01:503][536]Cmd: TRANSACTION UNDO
[2017.03.27-21.58.01:503][536]LogEditorTransaction: Undo Move Actors
[2017.03.27-21.58.02:133][546]Cmd: TRANSACTION UNDO
[2017.03.27-21.58.02:133][546]LogEditorTransaction: Undo Animatable Property Changed
[2017.03.27-21.58.02:515][552]Cmd: TRANSACTION UNDO
[2017.03.27-21.58.02:515][552]LogEditorTransaction: Undo Clicking on Actors
[2017.03.27-21.58.03:152][562]Cmd: TRANSACTION UNDO
[2017.03.27-21.58.03:152][562]LogEditorTransaction: Undo Animatable Property Changed
[2017.03.27-21.58.04:193][579]Cmd: TRANSACTION UNDO
[2017.03.27-21.58.04:193][579]LogEditorTransaction: Undo Move Actors
[2017.03.27-21.58.11:610][697]LogUObjectGlobals:Warning: Guid referenced by SceneComponent /Game/NewLevelSequence.NewLevelSequence:MovieScene_0.CineCameraActor_9.SceneComponent is already used by SceneComponent /Game/Labyrinth.Labyrinth:PersistentLevel.CineCameraActor_174.SceneComponent, which should never happen in the editor but could happen at runtime with duplicate level loading or PIE
[2017.03.27-21.58.11:610][697]LogUObjectGlobals:Warning: Guid referenced by CineCameraComponent /Game/NewLevelSequence.NewLevelSequence:MovieScene_0.CineCameraActor_9.CameraComponent is already used by CineCameraComponent /Game/Labyrinth.Labyrinth:PersistentLevel.CineCameraActor_174.CameraComponent, which should never happen in the editor but could happen at runtime with duplicate level loading or PIE
[2017.03.27-21.58.11:611][697]LogUObjectGlobals:Warning: Guid referenced by SceneComponent /Game/NewLevelSequence.NewLevelSequence:MovieScene_0.CineCameraActor_8.SceneComponent is already used by SceneComponent /Game/Labyrinth.Labyrinth:PersistentLevel.CineCameraActor_173.SceneComponent, which should never happen in the editor but could happen at runtime with duplicate level loading or PIE
[2017.03.27-21.58.11:611][697]LogUObjectGlobals:Warning: Guid referenced by CineCameraComponent /Game/NewLevelSequence.NewLevelSequence:MovieScene_0.CineCameraActor_8.CameraComponent is already used by CineCameraComponent /Game/Labyrinth.Labyrinth:PersistentLevel.CineCameraActor_173.CameraComponent, which should never happen in the editor but could happen at runtime with duplicate level loading or PIE
[2017.03.27-21.58.11:634][697]LogUObjectGlobals:Warning: Guid referenced by SceneComponent /Game/NewLevelSequence.NewLevelSequence:MovieScene_0.CineCameraActor_7.SceneComponent is already used by SceneComponent /Game/Labyrinth.Labyrinth:PersistentLevel.CineCameraActor_172.SceneComponent, which should never happen in the editor but could happen at runtime with duplicate level loading or PIE
[2017.03.27-21.58.11:634][697]LogUObjectGlobals:Warning: Guid referenced by CineCameraComponent /Game/NewLevelSequence.NewLevelSequence:MovieScene_0.CineCameraActor_7.CameraComponent is already used by CineCameraComponent /Game/Labyrinth.Labyrinth:PersistentLevel.CineCameraActor_172.CameraComponent, which should never happen in the editor but could happen at runtime with duplicate level loading or PIE
[2017.03.27-21.59.51:238][874]LogEditorViewport: Clicking on Actor (LMB): PointLight (PointLight3)
[2017.03.27-22.00.34:162][588]LogEditorViewport: Clicking on Actor (LMB): CineCameraActor (CineCameraActor108)
[2017.03.27-22.00.36:128][618]Cmd: ACTOR HIDE SELECTED
[2017.03.27-22.00.37:281][637]LogEditorViewport: Clicking on Actor (LMB): CineCameraActor (CineCameraActor60)
[2017.03.27-22.00.37:817][645]Cmd: ACTOR HIDE SELECTED
[2017.03.27-22.00.38:242][651]LogEditorViewport: Clicking on Actor (LMB): CineCameraActor (CineCameraActor82)
[2017.03.27-22.00.38:515][655]Cmd: ACTOR HIDE SELECTED
[2017.03.27-22.00.39:100][664]LogEditorViewport: Clicking on Actor (LMB): CineCameraActor (CineCameraActor94)
[2017.03.27-22.00.39:551][671]Cmd: ACTOR HIDE SELECTED
[2017.03.27-22.00.42:729][780]Cmd: TRANSACTION UNDO
[2017.03.27-22.00.42:729][780]LogEditorTransaction: Undo Hide Selected
[2017.03.27-22.00.43:255][803]Cmd: TRANSACTION UNDO
[2017.03.27-22.00.43:255][803]LogEditorTransaction: Undo Clicking on Actors
[2017.03.27-22.00.43:693][844]Cmd: TRANSACTION UNDO
[2017.03.27-22.00.43:693][844]LogEditorTransaction: Undo Hide Selected
[2017.03.27-22.00.44:223][853]Cmd: TRANSACTION UNDO
[2017.03.27-22.00.44:224][853]LogEditorTransaction: Undo Clicking on Actors
[2017.03.27-22.00.44:633][860]Cmd: TRANSACTION UNDO
[2017.03.27-22.00.44:633][860]LogEditorTransaction: Undo Hide Selected
[2017.03.27-22.00.45:205][869]Cmd: TRANSACTION UNDO
[2017.03.27-22.00.45:205][869]LogEditorTransaction: Undo Clicking on Actors
[2017.03.27-22.00.45:737][878]Cmd: TRANSACTION UNDO
[2017.03.27-22.00.45:737][878]LogEditorTransaction: Undo Hide Selected
[2017.03.27-22.01.10:522][294]LogSavePackage: Save=176.64ms
[2017.03.27-22.01.10:522][294]LogSavePackage: Moving '../../../../../../Users/u1093850/Documents/GitHub/WhiteBox/Labyrinth/Saved/Labyrinth_Auto31B6425804EAC93EBF0A95AA64CAD4BC1.tmp' to '../../../../../../Users/u1093850/Documents/GitHub/WhiteBox/Labyrinth/Saved/Autosaves/Game/Labyrinth_Auto3.umap'
[2017.03.27-22.01.10:523][294]LogSavePackage:Display: Finished SavePackage ../../../../../../Users/u1093850/Documents/GitHub/WhiteBox/Labyrinth/Saved/Autosaves/Game/Labyrinth_Auto3.umap
[2017.03.27-22.01.10:766][294]LogFileHelpers: Editor autosave (incl. sublevels) for '/Game/Labyrinth' took 0.477
[2017.03.27-22.01.10:766][294]LogFileHelpers: Editor autosave (incl. sublevels) for all levels took 0.477
[2017.03.27-22.01.10:767][294]OBJ SavePackage: Generating thumbnails for [0] asset(s) in package [/Game/NewLevelSequence] ([1] browsable assets)...
[2017.03.27-22.01.10:767][294]OBJ SavePackage: Finished generating thumbnails for package [/Game/NewLevelSequence]
[2017.03.27-22.01.10:793][294]LogSavePackage: Save=19.62ms
[2017.03.27-22.01.10:793][294]LogSavePackage: Moving '../../../../../../Users/u1093850/Documents/GitHub/WhiteBox/Labyrinth/Saved/NewLevelSequence_Auto361810DF848B5BAB149938E95056A973C.tmp' to '../../../../../../Users/u1093850/Documents/GitHub/WhiteBox/Labyrinth/Saved/Autosaves/Game/NewLevelSequence_Auto3.uasset'
[2017.03.27-22.01.10:794][294]LogSavePackage:Display: Finished SavePackage ../../../../../../Users/u1093850/Documents/GitHub/WhiteBox/Labyrinth/Saved/Autosaves/Game/NewLevelSequence_Auto3.uasset
[2017.03.27-22.01.10:794][294]LogFileHelpers: Auto-saving content packages took 0.027
[2017.03.27-22.01.53:125][388]LogEditorViewport: Clicking on Actor (LMB): CineCameraActor (CineCameraActor40)
[2017.03.27-22.02.03:729][605]LogEditorViewport: Clicking Background
[2017.03.27-22.02.04:740][620]LogEditorViewport: Clicking on Actor (LMB): CineCameraActor (CineCameraActor40)
[2017.03.27-22.02.17:258][292]LogEditorViewport: Clicking on Actor (LMB): CineCameraActor (CineCameraActor82)
[2017.03.27-22.02.20:292][338]Cmd: ACTOR HIDE SELECTED
[2017.03.27-22.02.20:647][343]LogEditorViewport: Clicking on Actor (LMB): CineCameraActor (CineCameraActor108)
[2017.03.27-22.02.20:853][344]Cmd: ACTOR HIDE SELECTED
[2017.03.27-22.02.21:494][356]LogEditorViewport: Clicking on Actor (LMB): CineCameraActor (CineCameraActor94)
[2017.03.27-22.02.21:816][361]Cmd: ACTOR HIDE SELECTED
[2017.03.27-22.02.27:776][519]Cmd: TRANSACTION UNDO
[2017.03.27-22.02.27:776][519]LogEditorTransaction: Undo Hide Selected
[2017.03.27-22.02.28:121][528]Cmd: TRANSACTION UNDO
[2017.03.27-22.02.28:121][528]LogEditorTransaction: Undo Clicking on Actors
[2017.03.27-22.02.28:574][567]Cmd: TRANSACTION UNDO
[2017.03.27-22.02.28:574][567]LogEditorTransaction: Undo Hide Selected
[2017.03.27-22.02.29:012][580]Cmd: TRANSACTION UNDO
[2017.03.27-22.02.29:012][580]LogEditorTransaction: Undo Clicking on Actors
[2017.03.27-22.02.29:417][583]Cmd: TRANSACTION UNDO
[2017.03.27-22.02.29:417][583]LogEditorTransaction: Undo Hide Selected
[2017.03.27-22.03.13:496][426]LogEditorViewport: Clicking on Actor (LMB): CineCameraActor (CineCameraActor82)
[2017.03.27-22.03.20:308][521]LogEditorViewport: Clicking on Actor (LMB): CineCameraActor (CineCameraActor108)
[2017.03.27-22.03.21:989][547]Cmd: ACTOR HIDE SELECTED
[2017.03.27-22.03.22:286][552]LogEditorViewport: Clicking on Actor (LMB): CineCameraActor (CineCameraActor82)
[2017.03.27-22.03.22:543][553]Cmd: ACTOR HIDE SELECTED
[2017.03.27-22.03.22:961][562]LogEditorViewport: Clicking on Actor (LMB): CineCameraActor (CineCameraActor94)
[2017.03.27-22.03.23:118][562]Cmd: ACTOR HIDE SELECTED
[2017.03.27-22.03.25:737][660]Cmd: TRANSACTION UNDO
[2017.03.27-22.03.25:737][660]LogEditorTransaction: Undo Animatable Property Changed
[2017.03.27-22.03.25:931][661]Cmd: TRANSACTION UNDO
[2017.03.27-22.03.25:931][661]LogEditorTransaction: Undo Hide Selected
[2017.03.27-22.03.26:133][664]Cmd: TRANSACTION UNDO
[2017.03.27-22.03.26:133][664]LogEditorTransaction: Undo Clicking on Actors
[2017.03.27-22.03.26:763][724]Cmd: TRANSACTION UNDO
[2017.03.27-22.03.26:763][724]LogEditorTransaction: Undo Hide Selected
[2017.03.27-22.03.27:133][730]Cmd: TRANSACTION UNDO
[2017.03.27-22.03.27:133][730]LogEditorTransaction: Undo Animatable Property Changed
[2017.03.27-22.03.27:404][734]Cmd: TRANSACTION UNDO
[2017.03.27-22.03.27:404][734]LogEditorTransaction: Undo Clicking on Actors
[2017.03.27-22.03.28:553][754]Cmd: TRANSACTION UNDO
[2017.03.27-22.03.28:553][754]LogEditorTransaction: Undo Hide Selected
[2017.03.27-22.04.22:434][966]LogEditorViewport: Clicking on Actor (LMB): CineCameraActor (CineCameraActor108)
[2017.03.27-22.04.23:546][982]Cmd: ACTOR HIDE SELECTED
[2017.03.27-22.04.24:640][  0]LogEditorViewport: Clicking on Actor (LMB): CineCameraActor (CineCameraActor82)
[2017.03.27-22.04.24:974][  5]Cmd: ACTOR HIDE SELECTED
[2017.03.27-22.04.27:061][ 43]LogEditorViewport: Clicking on Actor (LMB): CineCameraActor (CineCameraActor94)
[2017.03.27-22.04.27:274][ 44]Cmd: ACTOR HIDE SELECTED
[2017.03.27-22.04.37:540][281]Cmd: TRANSACTION UNDO
[2017.03.27-22.04.37:540][281]LogEditorTransaction: Undo Animatable Property Changed
[2017.03.27-22.04.37:989][291]Cmd: TRANSACTION UNDO
[2017.03.27-22.04.37:989][291]LogEditorTransaction: Undo Hide Selected
[2017.03.27-22.04.38:759][341]Cmd: TRANSACTION UNDO
[2017.03.27-22.04.38:759][341]LogEditorTransaction: Undo Animatable Property Changed
[2017.03.27-22.04.39:400][351]Cmd: TRANSACTION UNDO
[2017.03.27-22.04.39:400][351]LogEditorTransaction: Undo Clicking on Actors
[2017.03.27-22.04.40:015][362]Cmd: TRANSACTION UNDO
[2017.03.27-22.04.40:015][362]LogEditorTransaction: Undo Hide Selected
[2017.03.27-22.04.40:673][372]Cmd: TRANSACTION UNDO
[2017.03.27-22.04.40:673][372]LogEditorTransaction: Undo Clicking on Actors
[2017.03.27-22.04.41:272][382]Cmd: TRANSACTION UNDO
[2017.03.27-22.04.41:272][382]LogEditorTransaction: Undo Hide Selected
[2017.03.27-22.05.34:536][439]LogEditorViewport: Clicking on Actor (LMB): CineCameraActor (CineCameraActor82)
[2017.03.27-22.05.35:539][452]Cmd: ACTOR HIDE SELECTED
[2017.03.27-22.05.36:534][466]LogEditorViewport: Clicking on Actor (LMB): CineCameraActor (CineCameraActor312)
[2017.03.27-22.05.36:747][469]Cmd: ACTOR HIDE SELECTED
[2017.03.27-22.05.37:172][474]LogEditorViewport: Clicking on Actor (LMB): CineCameraActor (CineCameraActor158)
[2017.03.27-22.05.37:362][475]Cmd: ACTOR HIDE SELECTED
[2017.03.27-22.05.37:890][479]LogEditorViewport: Clicking on Actor (LMB): CineCameraActor (CineCameraActor124)
[2017.03.27-22.05.38:090][479]Cmd: ACTOR HIDE SELECTED
[2017.03.27-22.05.39:469][496]LogEditorViewport: Clicking on Actor (LMB): CineCameraActor (CineCameraActor108)
[2017.03.27-22.05.39:800][501]Cmd: ACTOR HIDE SELECTED
[2017.03.27-22.05.40:826][518]LogEditorViewport: Clicking on Actor (LMB): CineCameraActor (CineCameraActor60)
[2017.03.27-22.05.41:496][525]Cmd: ACTOR HIDE SELECTED
[2017.03.27-22.05.46:669][666]Cmd: TRANSACTION UNDO
[2017.03.27-22.05.46:669][666]LogEditorTransaction: Undo Hide Selected
[2017.03.27-22.05.46:905][668]Cmd: TRANSACTION UNDO
[2017.03.27-22.05.46:905][668]LogEditorTransaction: Undo Clicking on Actors
[2017.03.27-22.05.47:077][674]Cmd: TRANSACTION UNDO
[2017.03.27-22.05.47:077][674]LogEditorTransaction: Undo Hide Selected
[2017.03.27-22.05.47:287][684]Cmd: TRANSACTION UNDO
[2017.03.27-22.05.47:287][684]LogEditorTransaction: Undo Clicking on Actors
[2017.03.27-22.05.47:503][689]Cmd: TRANSACTION UNDO
[2017.03.27-22.05.47:503][689]LogEditorTransaction: Undo Hide Selected
[2017.03.27-22.05.47:503][689]LogActorComponent: RegisterComponentWithWorld: (/Game/Labyrinth.Labyrinth:PersistentLevel.CineCameraActor_344.SceneComponent) Trying to register component with IsPendingKill() == true. Aborting.
[2017.03.27-22.05.47:664][689]LogStats: FPlatformStackWalk::StackWalkAndDump -  0.035 s
[2017.03.27-22.05.47:664][689]LogOutputDevice:Error: === Handled ensure: ===
[2017.03.27-22.05.47:664][689]LogOutputDevice:Error: 
[2017.03.27-22.05.47:664][689]LogOutputDevice:Error: Ensure condition failed: !InSceneComponent->IsPendingKill() [File:D:\Build\++UE4+Release-4.14+Compile\Sync\Engine\Source\Editor\Kismet\Private\SSCSEditor.cpp] [Line: 5354]
[2017.03.27-22.05.47:664][689]LogOutputDevice:Error: 
[2017.03.27-22.05.47:664][689]LogOutputDevice:Error: Stack: 
[2017.03.27-22.05.47:664][689]LogOutputDevice:Error: UE4Editor-Core.dll
[2017.03.27-22.05.47:664][689]LogOutputDevice:Error: UE4Editor-Core.dll
[2017.03.27-22.05.47:664][689]LogOutputDevice:Error: UE4Editor-Core.dll
[2017.03.27-22.05.47:664][689]LogOutputDevice:Error: UE4Editor-Kismet.dll
[2017.03.27-22.05.47:664][689]LogOutputDevice:Error: UE4Editor-Kismet.dll
[2017.03.27-22.05.47:664][689]LogOutputDevice:Error: UE4Editor-LevelEditor.dll
[2017.03.27-22.05.47:664][689]LogOutputDevice:Error: UE4Editor-LevelEditor.dll
[2017.03.27-22.05.47:664][689]LogOutputDevice:Error: UE4Editor-LevelEditor.dll
[2017.03.27-22.05.47:664][689]LogOutputDevice:Error: UE4Editor-LevelEditor.dll
[2017.03.27-22.05.47:664][689]LogOutputDevice:Error: UE4Editor-LevelEditor.dll
[2017.03.27-22.05.47:664][689]LogOutputDevice:Error: UE4Editor-UnrealEd.dll
[2017.03.27-22.05.47:664][689]LogOutputDevice:Error: UE4Editor-UnrealEd.dll
[2017.03.27-22.05.47:664][689]LogOutputDevice:Error: UE4Editor-UnrealEd.dll
[2017.03.27-22.05.47:664][689]LogOutputDevice:Error: UE4Editor-UnrealEd.dll
[2017.03.27-22.05.47:664][689]LogOutputDevice:Error: UE4Editor-UnrealEd.dll
[2017.03.27-22.05.47:664][689]LogOutputDevice:Error: UE4Editor-UnrealEd.dll
[2017.03.27-22.05.47:664][689]LogOutputDevice:Error: UE4Editor-UnrealEd.dll
[2017.03.27-22.05.47:664][689]LogOutputDevice:Error: UE4Editor-UnrealEd.dll
[2017.03.27-22.05.47:664][689]LogOutputDevice:Error: UE4Editor-UnrealEd.dll
[2017.03.27-22.05.47:664][689]LogOutputDevice:Error: UE4Editor-UnrealEd.dll
[2017.03.27-22.05.47:664][689]LogOutputDevice:Error: UE4Editor-UnrealEd.dll
[2017.03.27-22.05.47:664][689]LogOutputDevice:Error: UE4Editor-MainFrame.dll
[2017.03.27-22.05.47:664][689]LogOutputDevice:Error: UE4Editor-MainFrame.dll
[2017.03.27-22.05.47:664][689]LogOutputDevice:Error: UE4Editor-Slate.dll
[2017.03.27-22.05.47:664][689]LogOutputDevice:Error: UE4Editor-Slate.dll
[2017.03.27-22.05.47:664][689]LogOutputDevice:Error: UE4Editor-MainFrame.dll
[2017.03.27-22.05.47:664][689]LogOutputDevice:Error: UE4Editor-MainFrame.dll
[2017.03.27-22.05.47:664][689]LogOutputDevice:Error: UE4Editor-MainFrame.dll
[2017.03.27-22.05.47:664][689]LogOutputDevice:Error: UE4Editor-Slate.dll
[2017.03.27-22.05.47:664][689]LogOutputDevice:Error: UE4Editor-Slate.dll
[2017.03.27-22.05.47:664][689]LogOutputDevice:Error: UE4Editor-Slate.dll
[2017.03.27-22.05.47:664][689]LogOutputDevice:Error: UE4Editor-Core.dll
[2017.03.27-22.05.47:664][689]LogOutputDevice:Error: UE4Editor-Core.dll
[2017.03.27-22.05.47:664][689]LogOutputDevice:Error: UE4Editor-Core.dll
[2017.03.27-22.05.47:664][689]LogOutputDevice:Error: UE4Editor-Core.dll
[2017.03.27-22.05.47:664][689]LogOutputDevice:Error: USER32.dll
[2017.03.27-22.05.47:664][689]LogOutputDevice:Error: USER32.dll
[2017.03.27-22.05.47:664][689]LogOutputDevice:Error: UE4Editor-Core.dll
[2017.03.27-22.05.47:664][689]LogOutputDevice:Error: UE4Editor.exe
[2017.03.27-22.05.47:664][689]LogOutputDevice:Error: UE4Editor.exe
[2017.03.27-22.05.47:664][689]LogOutputDevice:Error: UE4Editor.exe
[2017.03.27-22.05.47:664][689]LogOutputDevice:Error: UE4Editor.exe
[2017.03.27-22.05.47:664][689]LogOutputDevice:Error: UE4Editor.exe
[2017.03.27-22.05.47:664][689]LogOutputDevice:Error: kernel32.dll
[2017.03.27-22.05.47:664][689]LogOutputDevice:Error: ntdll.dll
[2017.03.27-22.05.47:664][689]LogOutputDevice:Error: 
[2017.03.27-22.05.47:669][689]LogStats:                SubmitErrorReport -  0.000 s
